Build started 10/12/2016 23:10:47.
     1>Project "F:\OOP-Workshop5-master\in_lab\in_lab.vcxproj" on node 2 (Build target(s)).
     1>ClCompile:
         C:\Program Files (x86)\Microsoft Visual Studio 12.0\VC\bin\x86_amd64\CL.exe /c /Zi /nologo /W3 /WX- /Od /D _DEBUG /D _CONSOLE /D _UNICODE /D UNICODE /Gm /EHsc /RTC1 /MDd /GS /fp:precise /Zc:wchar_t /Zc:forScope /Fo"x64\Debug\\" /Fd"x64\Debug\vc120.pdb" /Gd /TP /errorReport:prompt Contact.cpp PhoneNumber.cpp w5_in_lab.cpp
         w5_in_lab.cpp
         PhoneNumber.cpp
     1>PhoneNumber.cpp(35): warning C4996: 'strcpy': This function or variable may be unsafe. Consider using strcpy_s instead. To disable deprecation, use _CRT_SECURE_NO_WARNINGS. See online help for details.
                 C:\Program Files (x86)\Microsoft Visual Studio 12.0\VC\include\string.h(112) : see declaration of 'strcpy'
         Contact.cpp
     1>Contact.cpp(45): warning C4996: 'strcpy': This function or variable may be unsafe. Consider using strcpy_s instead. To disable deprecation, use _CRT_SECURE_NO_WARNINGS. See online help for details.
                 C:\Program Files (x86)\Microsoft Visual Studio 12.0\VC\include\string.h(112) : see declaration of 'strcpy'
         Generating Code...
       Link:
         C:\Program Files (x86)\Microsoft Visual Studio 12.0\VC\bin\x86_amd64\link.exe /ERRORREPORT:PROMPT /OUT:"F:\OOP-Workshop5-master\in_lab\x64\Debug\in_lab.exe" /INCREMENTAL /NOLOGO kernel32.lib user32.lib gdi32.lib winspool.lib comdlg32.lib advapi32.lib shell32.lib ole32.lib oleaut32.lib uuid.lib odbc32.lib odbccp32.lib /MANIFEST /MANIFESTUAC:"level='asInvoker' uiAccess='false'" /manifest:embed /DEBUG /PDB:"F:\OOP-Workshop5-master\in_lab\x64\Debug\in_lab.pdb" /SUBSYSTEM:CONSOLE /TLBID:1 /DYNAMICBASE /NXCOMPAT /IMPLIB:"F:\OOP-Workshop5-master\in_lab\x64\Debug\in_lab.lib" /MACHINE:X64 x64\Debug\Contact.obj
         x64\Debug\PhoneNumber.obj
         x64\Debug\w5_in_lab.obj
         in_lab.vcxproj -> F:\OOP-Workshop5-master\in_lab\x64\Debug\in_lab.exe
     1>Done Building Project "F:\OOP-Workshop5-master\in_lab\in_lab.vcxproj" (Build target(s)).

Build succeeded.

Time Elapsed 00:00:21.53
